<?xml version="1.0" encoding="UTF-8"?>
<con:soapui-project id="2eb7b416-f72f-499b-9aab-c90a8feb7fd7" activeEnvironment="Default" name="Test Persona Redis" resourceRoot="" soapui-version="5.6.0" xmlns:con="http://eviware.com/soapui/config"><con:settings/><con:interface xsi:type="con:RestService" id="c2898cc5-2f7b-406e-bef7-dde85f71b2fc" wadlVersion="http://wadl.dev.java.net/2009/02" name="http://localhost:9996" type="rest" xmlns:xsi="http://www.w3.org/2001/XMLSchema-instance"><con:settings/><con:definitionCache type="TEXT" rootPart=""/><con:endpoints><con:endpoint>http://localhost:9996</con:endpoint></con:endpoints><con:resource name="Random" path="/persona2/api/personas/random" id="aa9d494e-1b68-4da7-8c71-4391b7b8b7af"><con:settings/><con:parameters/><con:method name="Random 1" id="6e5f59cd-ed1c-430c-80c9-03c66c04e945" method="GET"><con:settings/><con:parameters/><con:representation type="RESPONSE"><con:mediaType>application/json</con:mediaType><con:status>200</con:status><con:params/><con:element xmlns:ran="http://localhost/persona2/api/personas/random">ran:Response</con:element></con:representation><con:request name="Random Persona Redis" id="5cb7f8b5-dc6c-441a-8fbf-4a47da2275de" mediaType="application/json"><con:settings><con:setting id="com.eviware.soapui.impl.wsdl.WsdlRequest@request-headers">&lt;xml-fragment/></con:setting></con:settings><con:endpoint>http://localhost:9996</con:endpoint><con:request/><con:originalUri>http://localhost/persona2/api/personas/random</con:originalUri><con:credentials><con:authType>No Authorization</con:authType></con:credentials><con:jmsConfig JMSDeliveryMode="PERSISTENT"/><con:jmsPropertyConfig/><con:parameters/></con:request></con:method></con:resource><con:resource name="getByID____" path="/persona2/api/personas/id/6" id="0417b1d9-2d57-47df-8e52-cb7680f65332"><con:settings/><con:parameters/><con:method name="Method 1" id="f84d1f83-8d57-4d30-8750-9a2e79078265" method="GET"><con:settings/><con:parameters/><con:representation type="RESPONSE"><con:mediaType>application/json</con:mediaType><con:status>200</con:status><con:params/><con:element xmlns:ns="http://localhost/persona2/api/personas/id/6">ns:Response</con:element></con:representation><con:request name="Request 1" id="bef8b82c-2fca-4979-8e31-c30c8bb21b58" mediaType="application/json"><con:settings><con:setting id="com.eviware.soapui.impl.wsdl.WsdlRequest@request-headers">&lt;xml-fragment/></con:setting></con:settings><con:endpoint>http://localhost:9996</con:endpoint><con:request/><con:originalUri>http://localhost/persona2/api/personas/id/6</con:originalUri><con:credentials><con:authType>No Authorization</con:authType></con:credentials><con:jmsConfig JMSDeliveryMode="PERSISTENT"/><con:jmsPropertyConfig/><con:parameters/></con:request></con:method></con:resource><con:resource name="testRedisSave" path="/persona2/user/testRedisSave" id="4a563bf9-4e5e-4ad1-9d15-9bd5dbb6fa0b"><con:settings/><con:parameters><con:parameter><con:name>id</con:name><con:value>1090330</con:value><con:style>QUERY</con:style><con:default>1090330</con:default></con:parameter></con:parameters><con:method name="Method 1" id="31614aba-3316-43a9-8abf-299c8d94d3d9" method="GET"><con:settings/><con:parameters/><con:representation type="RESPONSE"><con:mediaType xsi:nil="true"/><con:status>200</con:status><con:params/><con:element>data</con:element></con:representation><con:representation type="RESPONSE"><con:mediaType xsi:nil="true"/><con:status>200</con:status><con:params/><con:element>data</con:element></con:representation><con:representation type="RESPONSE"><con:mediaType xsi:nil="true"/><con:status>200</con:status><con:params/><con:element>data</con:element></con:representation><con:representation type="RESPONSE"><con:mediaType xsi:nil="true"/><con:status>200</con:status><con:params/><con:element>data</con:element></con:representation><con:representation type="RESPONSE"><con:mediaType xsi:nil="true"/><con:status>200</con:status><con:params/><con:element>data</con:element></con:representation><con:representation type="RESPONSE"><con:mediaType>text/plain;charset=UTF-8</con:mediaType><con:status>200</con:status><con:params/><con:element>data</con:element></con:representation><con:representation type="RESPONSE"><con:mediaType>application/json</con:mediaType><con:status>200</con:status><con:params/></con:representation><con:request name="Request 1" id="b80aea35-ec37-4888-a8e5-0b6b4232978e" mediaType="application/json"><con:settings><con:setting id="com.eviware.soapui.impl.wsdl.WsdlRequest@request-headers">&lt;xml-fragment/></con:setting></con:settings><con:endpoint>http://localhost:9996</con:endpoint><con:request/><con:originalUri>http://localhost/persona2/user/testRedisSave</con:originalUri><con:credentials><con:authType>No Authorization</con:authType></con:credentials><con:jmsConfig JMSDeliveryMode="PERSISTENT"/><con:jmsPropertyConfig/><con:parameters/></con:request></con:method></con:resource></con:interface><con:testSuite id="ae3b570c-87f4-4d03-80cd-241cd8b3c8d8" name="http://localhost:9996 TestSuite"><con:description>TestSuite generated for REST Service [http://localhost:9996]</con:description><con:settings/><con:runType>SEQUENTIAL</con:runType><con:testCase id="e826730d-fa07-4c15-a7db-af6fbb67164e" failOnError="true" failTestCaseOnErrors="true" keepSession="false" maxResults="0" name="Random TestCase" searchProperties="true"><con:description>TestCase generated for REST Resource [Random] located at [/persona2/api/personas/random]</con:description><con:settings/><con:testStep type="restrequest" name="Persona Random REDIS v2.0" id="36757a2d-8ecf-4a1c-b754-22c211a5b593"><con:settings/><con:config service="http://localhost:9996" resourcePath="/persona2/api/personas/random" methodName="Random 1" xsi:type="con:RestRequestStep" xmlns:xsi="http://www.w3.org/2001/XMLSchema-instance"><con:restRequest name="REST Request" id="5cb7f8b5-dc6c-441a-8fbf-4a47da2275de" mediaType="application/json"><con:settings><con:setting id="com.eviware.soapui.impl.wsdl.WsdlRequest@request-headers">&lt;xml-fragment/></con:setting></con:settings><con:endpoint>http://localhost:9996</con:endpoint><con:request/><con:originalUri>http://localhost/persona2/api/personas/random</con:originalUri><con:credentials><con:authType>No Authorization</con:authType></con:credentials><con:jmsConfig JMSDeliveryMode="PERSISTENT"/><con:jmsPropertyConfig/><con:parameters/></con:restRequest></con:config></con:testStep><con:loadTest id="08a8a0a1-a1b8-4421-8afc-ff07032c410e" name="prueba Carga Random Person"><con:settings><con:setting id="HttpSettings@close-connections">false</con:setting></con:settings><con:threadCount>10</con:threadCount><con:startDelay>0</con:startDelay><con:sampleInterval>250</con:sampleInterval><con:calculateTPSOnTimePassed>true</con:calculateTPSOnTimePassed><con:resetStatisticsOnThreadCountChange>true</con:resetStatisticsOnThreadCountChange><con:historyLimit>-1</con:historyLimit><con:testLimit>50</con:testLimit><con:limitType>TIME</con:limitType><con:loadStrategy><con:type>Simple</con:type><con:config><testDelay>1000</testDelay><randomFactor>0.0</randomFactor></con:config></con:loadStrategy><con:assertion type="Step Status" name="Step Status"/><con:maxAssertionErrors>100</con:maxAssertionErrors><con:cancelExcessiveThreads>true</con:cancelExcessiveThreads><con:strategyInterval>500</con:strategyInterval></con:loadTest><con:properties/></con:testCase><con:properties/></con:testSuite><con:properties/><con:wssContainer/><con:oAuth2ProfileContainer/><con:oAuth1ProfileContainer/></con:soapui-project>